<?xml version="1.0" encoding="utf-8"?><testsuites><testsuite errors="0" failures="0" hostname="DESKTOP-KC2FNN2" name="pytest" skipped="0" tests="2" time="32.190" timestamp="2020-05-19T21:44:17.927886"><testcase classname="test_mainscript.Testpracticesite" file="test_mainscript.py" line="19" name="test_womentab" time="26.731"></testcase><testcase classname="test_mainscript.Testpracticesite" file="test_mainscript.py" line="25" name="test_dressestab" time="5.419"></testcase></testsuite></testsuites>