<?xml version="1.0" encoding="utf-8"?><testsuites><testsuite errors="0" failures="0" hostname="DESKTOP-KC2FNN2" name="pytest" skipped="0" tests="2" time="28.351" timestamp="2020-05-24T09:20:28.777778"><testcase classname="test_mainscript.Testpracticesite" file="test_mainscript.py" line="19" name="test_womentab" time="22.834"></testcase><testcase classname="test_mainscript.Testpracticesite" file="test_mainscript.py" line="25" name="test_dressestab" time="5.419"></testcase></testsuite></testsuites>